[INFO ] 2020-08-13 00:00:00.018 [scheduling-1] DownloadedAccessCodeController - Inicia el proceso de Generacion de Codigos
[DEBUG] 2020-08-13 00:00:00.045 [scheduling-1] SQL - select downloaded0_.id as id1_0_, downloaded0_.access_code as access_c2_0_, downloaded0_.activated_at as activate3_0_, downloaded0_.created_at as created_4_0_ from t_downloaded_access_code downloaded0_ where downloaded0_.activated_at is null
[INFO ] 2020-08-13 00:00:00.071 [scheduling-1] DownloadedAccessCodeController - Finaliza el proceso de Generacion de Codigos
[INFO ] 2020-08-13 00:00:00.072 [scheduling-1] DeleteExposedAccessCodesTask - START DeleteExposedAccessCodesTask
[DEBUG] 2020-08-13 00:00:00.116 [scheduling-1] SQL - delete from t_exposed_access_code where expire_at<=?
[INFO ] 2020-08-13 00:00:00.119 [scheduling-1] DeleteExposedAccessCodesTask - DeleteExposedAccessCodesTask - 0 rows deleted
[INFO ] 2020-08-13 00:00:00.120 [scheduling-1] DeleteExposedAccessCodesTask - END DeleteExposedAccessCodesTask
[INFO ] 2020-08-13 00:30:00.037 [scheduling-1] DeleteExposedAccessCodesTask - START DeleteExposedAccessCodesTask
[DEBUG] 2020-08-13 00:30:00.038 [scheduling-1] SQL - delete from t_exposed_access_code where expire_at<=?
[INFO ] 2020-08-13 00:30:00.044 [scheduling-1] DeleteExposedAccessCodesTask - DeleteExposedAccessCodesTask - 0 rows deleted
[INFO ] 2020-08-13 00:30:00.044 [scheduling-1] DeleteExposedAccessCodesTask - END DeleteExposedAccessCodesTask
[INFO ] 2020-08-13 00:30:00.045 [scheduling-1] DownloadedAccessCodeController - Inicia el proceso de Generacion de Codigos
[DEBUG] 2020-08-13 00:30:00.046 [scheduling-1] SQL - select downloaded0_.id as id1_0_, downloaded0_.access_code as access_c2_0_, downloaded0_.activated_at as activate3_0_, downloaded0_.created_at as created_4_0_ from t_downloaded_access_code downloaded0_ where downloaded0_.activated_at is null
[INFO ] 2020-08-13 00:30:00.060 [scheduling-1] DownloadedAccessCodeController - Finaliza el proceso de Generacion de Codigos
[INFO ] 2020-08-13 01:00:00.017 [scheduling-1] DownloadedAccessCodeController - Inicia el proceso de Generacion de Codigos
[DEBUG] 2020-08-13 01:00:00.018 [scheduling-1] SQL - select downloaded0_.id as id1_0_, downloaded0_.access_code as access_c2_0_, downloaded0_.activated_at as activate3_0_, downloaded0_.created_at as created_4_0_ from t_downloaded_access_code downloaded0_ where downloaded0_.activated_at is null
[INFO ] 2020-08-13 01:00:00.045 [scheduling-1] DownloadedAccessCodeController - Finaliza el proceso de Generacion de Codigos
[INFO ] 2020-08-13 01:00:00.045 [scheduling-1] DeleteExposedAccessCodesTask - START DeleteExposedAccessCodesTask
[DEBUG] 2020-08-13 01:00:00.046 [scheduling-1] SQL - delete from t_exposed_access_code where expire_at<=?
[INFO ] 2020-08-13 01:00:00.067 [scheduling-1] DeleteExposedAccessCodesTask - DeleteExposedAccessCodesTask - 0 rows deleted
[INFO ] 2020-08-13 01:00:00.068 [scheduling-1] DeleteExposedAccessCodesTask - END DeleteExposedAccessCodesTask
[INFO ] 2020-08-13 01:30:00.000 [scheduling-1] DeleteExposedAccessCodesTask - START DeleteExposedAccessCodesTask
[DEBUG] 2020-08-13 01:30:00.001 [scheduling-1] SQL - delete from t_exposed_access_code where expire_at<=?
[INFO ] 2020-08-13 01:30:00.007 [scheduling-1] DeleteExposedAccessCodesTask - DeleteExposedAccessCodesTask - 0 rows deleted
[INFO ] 2020-08-13 01:30:00.007 [scheduling-1] DeleteExposedAccessCodesTask - END DeleteExposedAccessCodesTask
[INFO ] 2020-08-13 01:30:00.008 [scheduling-1] DownloadedAccessCodeController - Inicia el proceso de Generacion de Codigos
[DEBUG] 2020-08-13 01:30:00.009 [scheduling-1] SQL - select downloaded0_.id as id1_0_, downloaded0_.access_code as access_c2_0_, downloaded0_.activated_at as activate3_0_, downloaded0_.created_at as created_4_0_ from t_downloaded_access_code downloaded0_ where downloaded0_.activated_at is null
[INFO ] 2020-08-13 01:30:00.021 [scheduling-1] DownloadedAccessCodeController - Finaliza el proceso de Generacion de Codigos
[INFO ] 2020-08-13 02:00:00.018 [scheduling-1] DeleteExposedAccessCodesTask - START DeleteExposedAccessCodesTask
[DEBUG] 2020-08-13 02:00:00.019 [scheduling-1] SQL - delete from t_exposed_access_code where expire_at<=?
[INFO ] 2020-08-13 02:00:00.042 [scheduling-1] DeleteExposedAccessCodesTask - DeleteExposedAccessCodesTask - 0 rows deleted
[INFO ] 2020-08-13 02:00:00.043 [scheduling-1] DeleteExposedAccessCodesTask - END DeleteExposedAccessCodesTask
[INFO ] 2020-08-13 02:00:00.044 [scheduling-1] DownloadedAccessCodeController - Inicia el proceso de Generacion de Codigos
[DEBUG] 2020-08-13 02:00:00.045 [scheduling-1] SQL - select downloaded0_.id as id1_0_, downloaded0_.access_code as access_c2_0_, downloaded0_.activated_at as activate3_0_, downloaded0_.created_at as created_4_0_ from t_downloaded_access_code downloaded0_ where downloaded0_.activated_at is null
[INFO ] 2020-08-13 02:00:00.060 [scheduling-1] DownloadedAccessCodeController - Finaliza el proceso de Generacion de Codigos
[INFO ] 2020-08-13 02:30:00.018 [scheduling-1] DownloadedAccessCodeController - Inicia el proceso de Generacion de Codigos
[DEBUG] 2020-08-13 02:30:00.019 [scheduling-1] SQL - select downloaded0_.id as id1_0_, downloaded0_.access_code as access_c2_0_, downloaded0_.activated_at as activate3_0_, downloaded0_.created_at as created_4_0_ from t_downloaded_access_code downloaded0_ where downloaded0_.activated_at is null
[INFO ] 2020-08-13 02:30:00.032 [scheduling-1] DownloadedAccessCodeController - Finaliza el proceso de Generacion de Codigos
[INFO ] 2020-08-13 02:30:00.033 [scheduling-1] DeleteExposedAccessCodesTask - START DeleteExposedAccessCodesTask
[DEBUG] 2020-08-13 02:30:00.034 [scheduling-1] SQL - delete from t_exposed_access_code where expire_at<=?
[INFO ] 2020-08-13 02:30:00.037 [scheduling-1] DeleteExposedAccessCodesTask - DeleteExposedAccessCodesTask - 0 rows deleted
[INFO ] 2020-08-13 02:30:00.038 [scheduling-1] DeleteExposedAccessCodesTask - END DeleteExposedAccessCodesTask
